[    0.000000]Iniaizing cgroup subsys cpuset
[    0.000000] Initializing cgroup subsys cpu
[    0.000000] Initializing cgroup subsys cpuacct
[    0.000000] Linux version 4.4.0-143-generic (buildd@lgw01-amd64-041) (gcc version 5.4.0 20160609 (Ubuntu 5.4.0-6ubuntu1~16.04.10) ) #169-Ubuntu SMP Thu Feb 7 07:56:38 UTC 2019 (Ubuntu 4.4.0-143.169-generic 4.4.170)
[    0.000000] Command line: BOOT_IMAGE=/boot/vmlinuz-4.4.0-143-generic root=LABEL=cloudimg-rootfs ro console=tty1 console=ttyS0
[    0.000000] KERNEL supported cpus:
[    0.000000]   Intel GenuineIntel
[    0.000000]   AMD AuthenticAMD
[    0.000000]   Centaur CentaurHauls
[    0.000000] x86/fpu: xstate_offset[2]:  576, xstate_sizes[2]:  256
[    0.000000] x86/fpu: Supporting XSAVE feature 0x01: 'x87 floating point registers'
[    0.000000] x86/fpu: Supporting XSAVE feature 0x02: 'SSE registers'
[    0.000000] x86/fpu: Supporting XSAVE feature 0x04: 'AVX registers'
[    0.000000] x86/fpu: Enabled ste eatuesx7, context size is 832 bytes, using 'standard'format.
[    0.000000] e820BI-proviedhycal RAM map:
[    0.000000] BIOS-e820: [mem 0x0000000000000000-0x000000000009fbff] usable
[    0.000000] BIOS-e820: [mem 0x000000000009fc00-0x000000000009ffff] reserved
[    0.000000] BIOS-e820: [mem 0x00000000000f0000-0x00000000000fffff] reserved
[    0.000000] BIOS-e820: [mem 0x0000000000100000-0x000000003ffeffff] usable
[    0.000000] BIOS-e820: [mem 0x00000003fff0000-0x000000003fffffff] ACPI data
[    0.000000] BIOS-e820: [mem 0x00000000fec00000-0x00000000fec00fff] reserved
[    0.000000] BIOS-e820: [mem 0x00000000fee00000-0x00000000fee00fff] reserved
[    0.000000] BIOS-e820: [mem 0x00000000fffc00-0x00000000ffffffff] reserved
[    0.000000] NX (Execute Disable) protection: active
[    0.000000] SMBIOS 2.5 present.
[    0.000000] Hypervisor detected: KVM
[    0.000000] e820: last_pfn = 0x3fff0 max_arch_pfn = 0x400000000
[    0.000000] MTRR: Disabled
[    0.000000] x86/PAT: MTRRs disabled, skipping PAT initialization too.
[    0.000000] CPU MTRRs all blank - virtualized system.
[    0.000000] x86/PAT: Configuration [0-7]: WB  WT  UC- UC  WB  WT  UC- UC  
[    0.000000] found SMP MP-table at [mem 0x0009fff0-0x0009ffff] mapped at [ffff88000009fff0]
[    0.000000] Scanning 1 areas for low memory corruption
[    0.000000] RAMDISK: [mem 0x362fa000-0x37174fff]
[    0.000000] ACPI: Early table checksum verification disabled
[    0.000000] ACPI: RSDP 0x00000000000E0000 000024 (v02 VBOX  )
[    0.000000] ACPI: XSDT 0x000000003FFF0030 00003C (v01 VBOX   VBOXXSDT 00000001 ASL  00000061)
[    0.000000] ACPI: FACP 0x000000003FFF00F0 0000F4 (v04 VBOX   VBOXFACP 00000001 ASL  00000061)
[    0.000000] ACPI: DSDT 0x000000003FFF0470 0021FF (v02 VBOX   VBOXBIOS 00000002 INTL 20180105)
[    0.000000] ACPI: FACS 0x000000003FFF0200 000040
[    0.000000] ACPI: FACS 0x000000003FFF0200 000040
[    0.000000] ACPI: APIC 0x000000003FFF0240 00005C (v02 VBOX   VBOXAPIC 00000001 ASL  00000061)
[    0.000000] ACPI: SSDT 0x000000003FFF02A0 0001CC (v01 VBOX   VBOXCPUT 00000002 INTL 20180105)
[    0.000000] No NUMA configuration found
[    0.000000] Faking a node at [mem 0x0000000000000000-0x000000003ffeffff]
[    0.000000] NODE_DATA(0) allocated [mem 0x3ffeb000-0x3ffeffff]
[    0.000000] kvm-clock: Using msrs 4b564d01 and 4b564d00
[    0.000000] kvm-clock: cpu 0, msr 0:3ffe3001, primary cpu clock
[    0.000000] kvm-clock: using sched offset of 3079289451 cycles
[    0.000000] clocksource: kvm-clock: mask: 0xffffffffffffffff max_cycles: 0x1cd42e4dffb, max_idle_ns: 881590591483 ns
[    0.000000] Zone ranges:
[    0.000000]   DMA      [mem 0x0000000000001000-0x0000000000ffffff]
[    0.000000]   DMA32    [mem 0x0000000001000000-0x000000003ffeffff]
[    0.000000]   Normal   empty
[    0.000000]   Device   empty
[    0.000000] Movable zone start for each node
[    0.000000] Early memory node ranges
[    0.000000]   node   0: [mem 0x0000000000001000-0x000000000009efff]
[    0.000000]   node   0: [mem 0x0000000000100000-0x000000003ffeffff]
[    0.000000] Initmem setup node 0 [mem 0x0000000000001000-0x000000003ffeffff]
[    0.000000] ACPI: PM-Timer IO Port: 0x4008
[    0.000000] IOAPIC[0]: apic_id 2, version 32, address 0xfec00000, GSI 0-23
[    0.000000] ACPI: INT_SRC_OVR (bus 0 bus_irq 0 global_irq 2 dfl dfl)
[    0.000000] ACPI: INT_SRC_OVR (bus 0 bus_irq 9 global_irq 9 low level)
[    0.000000] Using ACPI (MADT) for SMP configuration information
[    0.000000] smpboot: Allowing 2 CPUs, 0 hotplug CPUs
[    0.000000] PM: Registered nosave memory: [mem 0x00000000-0x00000fff]
[    0.000000] PM: Registered nosave memory: [mem 0x0009f000-0x0009ffff]
[    0.000000] PM: Registered nosave memory: [mem 0x000a0000-0x000effff]
[    0.000000] PM: Registered nosave memory: [mem 0x000f0000-0x000fffff]
[    0.000000] e820: [mem 0x40000000-0xfebfffff] available for PCI devices
[    0.000000] Booting paravirtualized kernel on KVM
[    0.000000] clocksource: refined-jiffies: mask: 0xffffffff max_cycles: 0xffffffff, max_idle_ns: 7645519600211568 ns
[    0.000000] setup_percpu: NR_CPUS:512 nr_cpumask_bits:512 nr_cpu_ids:2 nr_node_ids:1
[    0.000000] PERCPU: Embedded 34 pages/cpu @ffff88003fc00000 s99480 r8192 d31592 u1048576
[    0.000000] Built 1 zonelists in Node order, mobility grouping on.  Total pages: 257912
[    0.000000] Policy zone: DMA32
[    0.000000] Kernel command line: BOOT_IMAGE=/boot/vmlinuz-4.4.0-143-generic root=LABEL=cloudimg-rootfs ro console=tty1 console=ttyS0
[    0.000000] PID hash table entries: 4096 (order: 3, 32768 bytes)
[    0.000000] Memory: 997704K/1048120K available (8608K kernel code, 1332Kwdata, 400K daa, 184init, 131K ss, 50416K reserved, 0K cma-reserved)
[    0.000000] SLUB: HWalign=64, Order=0-3, MinObjects=0, CPUs=2, Nodes=1
[   .0000]erl/User page tables isolation: enabled
[    0.000000] Hierarchical RCU implementation.
[    0.000000] 	Bud-me adjustment of leaf fanout to 64.
[    0.000000] 	RCU restricting CPUs from NR_CPUS=512 to nr_cpu_ids=2.
[    0.000000] RCU: Adjusting geometry for rcu_fanout_leaf=64, nr_cpu_ids=2
[    0.0000NR_IRQS:33024 nr_irqs:440 16
[    0.000000] Console: colour VGA+ 80x25
[    0.000000] console [tty1] enabled
[    0.000000] console [ttyS0] enabled
[    0.000000] tsc: Detected 2207.998 MHz processor
[    0.777389] Calibrating delay loop (skipped) preset value.. 4415.99 BogoMIPS (lpj=8831992)
[    0.778593] pid_max: default: 32768 minimum: 301
[    0.779236] ACPI: Core revision 20150930
[    0.780560] ACPI: 2 ACPI AML tables successfully acquired and loaded
[    0.781505] Security Framework initialized
[    0.782102] Yama: becoming mindful.
[    0.782683] AppArmor: AppArmor initialized
[    0.783333] Dentry cache hash table entries: 131072 (order: 8, 1048576 bytes)
[    0.784726] Inode-cache hash table entries: 65536 (order: 7, 524288 bytes)
[    0.785771] Mount-cache hash table entries: 2048 (order: 2, 16384 bytes)
[    0.786634] Mountpoint-cache hash table entries: 2048 (order: 2, 16384 bytes)
[    0.787638] Initializing cgroup subsys io
[    0.788359] Initializing cgroup subsys memory
[    0.789126] Initializing cgroup subsys devices
[    0.789840] Initializing cgroup subsys freezer
[    0.790557] Initializing cgroup subsys net_cls
[    0.791273] Initializing cgroup subsys perf_event
[    0.792018] Initializing cgroup subsys net_prio
[    0.792746] Initializing cgroup subsys hugetlb
[    0.793483] Initializing cgroup subsys pids
[    0.795266] mce: CPU supports 0 MCE banks
[    0.795950] Last level iTLB entries: 4KB 64, 2MB 8, 4MB 8
[    0.796669] Last level dTLB entries: 4KB 64, 2MB 0, 4MB 0, 1GB 4
[    0.797458] Spectre V2 : Mitigation: Full generic retpoline
[    0.798195] Spectre V2 : Spectre v2 / SpectreRSB mitigation: Filling RSB on context switch
[    0.800484] Speculative Store Bypass: Vulnerable
[  0.803914] Freeing SMP alternatives memory: 32K
[    0.845436] ftrace: allocating 32278 entries in 127 pages
[    0.894016] smpboot: APIC(0) Converting physical 0 to logical package 0
[    0.895024] smpboot: Max logical packages: 1
[    0.895936] x2apic enabled
[    0.896645] Switched APIC routing to physical x2apic.
[    0.898400] ..TIMER: vector=0x30 apic1=0 pin1=2 apic2=-1 pin2=-1
[    1.005014] smpboot: CPU0: Intel(R) Core(TM) i5-7260U CPU @ 2.20GHz (family: 0x6, model: 0x8e, stepping: 0x9)
[    1.006593] Performance Events: unsupported p6 CPU model 142 no PMU driver, software events only.
[    1.016329] KVM setup paravirtual spinlock
[    1.088829] x86: Booting SMP configuration:
[    1.090531] .... node  #0, CPUs:      #1
[    1.091175] kvm-clock: cpu 1, msr 0:3ffe3041, secondary cpu clock
[    1.092877] mce: CPU supports 0 MCE banks
[    1.095305] x86: Booted up 1 node, 2 CPUs
[    1.105371] smpboot: Total of 2 processors activated (8831.99 BogoMIPS)
[    1.106594] devtmpfs: initialized
[    1.108238] evm: security.selinux
[    1.108768] evm: security.SMACK64
[    1.109290] evm: security.SMACK64EXEC
[    1.109848] evm: security.SMACK64TRANSMUTE
[    1.110447] evm: security.SMACK64MMAP
[    1.116388] evm: security.ima
[    1.116942] evm: security.capability
[    1.117738] clocksource: jiffies: mask: 0xffffffff max_cycles: 0xffffffff, max_idle_ns: 7645041785100000 ns
[    1.119234] futex hash table entries: 512 (order: 3, 32768 bytes)
[    1.120221] pinctrl core: initialized pinctrl subsystem
[    1.121199] RTC time: 13:38:46, date: 10/31/19
[    1.132632] NET: Registered protocol family 16
[    1.149394] cpuidle: using governor ladder
[    1.160875] cpuidle: using governor menu
[    1.161607] PCCT header not found.
[    1.162285] ACPI: bus type PCI registered
[    1.162950] acpiphp: ACPI Hot Plug PCI Controller Driver version: 0.5
[    1.163991] PCI: Using configuration type 1 for base access
[    1.178246] ACPI: Added _OSI(Module Device)
[    1.178973] ACPI: Added _OSI(Processor Device)
[    1.181004] ACPI: Added _OSI(3.0 _SCP Extensions)
[    1.181654] ACPI: Added _OSI(Processor Aggregator Device)
[    1.182955] ACPI: Executed 1 blocks of module-level executable AML code
[    1.189631] ACPI: Interpreter enabled
[    1.200932] ACPI: (supports S0 S5)
[    1.201463] ACPI: Using IOAPIC for interrupt routing
[    1.202291] PCI: Using host bridge windows from ACPI; if necessary, use "pci=nocrs" and report a bug
[    1.206652] ACPI: PCI Root Bridge [PCI0] (domain 0000 [bus 00-ff])
[    1.213883] acpi PNP0A03:00: _OSC: OS supports [ASPM ClockPM Segments MSI]
[    1.214754] acpi PNP0A03:00: _OSC: not requesting OS control; OS requires [ExtendedConfig ASPM ClockPM MSI]
[    1.216092] acpi PNP0A03:00: fail to add MMCONFIG information, can't access extended PCI configuration space under this bridge.
[    1.217743] PCI host bridge to bus 0000:00
[    1.218345] pci_bus 0000:00: root bus resource [io  0x0000-0x0cf7 window]
[    1.219194] pci_bus 0000:00: root bus resource [io  0x0d00-0xffff window]
[    1.220048] pci_bus 0000:00: root bus resource [mem 0x000a0000-0x000bffff window]
[    1.221221] pci_bus 0000:00: root bus resource [mem 0x40000000-0xfdffffff window]
[    1.227743] pci_bus 0000:00: root bus resource [bus 00-ff]
[    1.229726] pci 0000:00:01.1: legacy IDE quirk: reg 0x10: [io  0x01f0-0x01f7]
[    1.230790] pci 0000:00:01.1: legacy IDE quirk: reg 0x14: [io  0x03f6]
[    1.231753] pci 0000:00:01.1: legacy IDE quirk: reg 0x18: [io  0x0170-0x0177]
[    1.232781] pci 0000:00:01.1: legacy IDE quirk: reg 0x1c: [io  0x0376]
[    1.245333] pci 0000:00:07.0: quirk: [io  0x4000-0x403f] claimed by PIIX4 ACPI
[    1.257113] pci 0000:00:07.0: quirk: [io  0x4100-0x410f] claimed by PIIX4 SMB
[    1.275296] ACPI: PCI Interrupt Link [LNKA] (IRQs 5 9 10 *11)
[    1.295525] ACPI: PCI Interrupt Link [LNKB] (IRQs 5 9 *10 11)
[    1.303860] ACPI: PCI Interrupt Link [LNKC] (IRQs 5 *9 10 11)
[    1.305160] ACPI: PCI Interrupt Link [LNKD] (IRQs 5 9 10 *11)
[    1.325432] ACPI: Enabled 2 GPEs in block 00 to 07
[    1.326555] vgaarb: setting as boot device: PCI:0000:00:02.0
[    1.327477] vgaarb: device added: PCI:0000:00:02.0,decodes=io+mem,owns=io+mem,locks=none
[    1.329841] vgaarb: loaded
[    1.330360] vgaarb: bridge control possible 0000:00:02.0
[    1.331418] SCSI subsystem initialized
[    1.332176] ACPI: bus type USB registered
[    1.332869] usbcore: registered new interface driver usbfs
[    1.333706] usbcore: registered new interface driver hub
[    1.334531] usbcore: registered new device driver usb
[    1.335867] PCI: Using ACPI for IRQ routing
[    1.338002] NetLabel: Initializing
[    1.343873] NetLabel:  domain hash size = 128
[    1.344493] NetLabel:  protocols = UNLABELED CIPSOv4
[    1.345184] NetLabel:  unlabeled traffic allowed by default
[    1.346049] amd_nb: Cannot enumerate AMD northbridges
[    1.346784] clocksource: Switched to clocksource kvm-clock
[    1.352648] AppArmor: AppArmor Filesystem Enabled
[    1.356341] pnp: PnP ACPI init
[    1.357394] pnp: PnP ACPI: found 3 devices
[    1.365954] clocksource: acpi_pm: mask: 0xffffff max_cycles: 0xffffff, max_idle_ns: 2085701024 ns
[    1.367222] NET: Registered protocol family 2
[    1.368007] TCP established hash table entries: 8192 (order: 4, 65536 bytes)
[    1.368897] TCP bind hash table entries: 8192 (order: 5, 131072 bytes)
[    1.369729] TCP: Hash tables configured (established 8192 bind 8192)
[    1.370553] UDP hash table entries: 512 (order: 2, 16384 bytes)
[    1.371382] UDP-Lite hash tae trs:12orr: 2, 16384 bytes)
[    1.626310] NET: Registered protocol family 1
[  1276]pc00:000.0: Limiting direct PCI/PCI transfers
[    1.922279] pci 0000:00:01.0: Activating ISA DMA hang workarounds
[    1.923304] Unpacking initmf..

[    2.187552] Freeing initrd memory: 14828K
[    2.188437] platform rtc_cmos: registered platform RTC device (no PNP device found)
[    2.189730] Scanning for low memory corruption every 60 seconds
[    2.191003] audit: initializing netlink subsys (disabled)
[    2.191857] audit: type=2000 audit(1572529130.446:1): initialized
[    2.341322] Initialise system trusted keyring
[    2.342179] HugeTLB registered 2 MB page size, pre-allocated 0 pages
[    2.344216] zbud: loaded
[    2.345070] VFS: Disk quotas dquot_6.6.0
[    2.345791] VFS: Dquot-cache hash table entries: 512 (order 0, 4096 bytes)
[    2.362617] squashfs: version 4.0 (2009/01/31) Phillip Lougher
[    2.381593] fuse init (API version 7.23)
[    2.382898] Key type big_key registered
[    2.384149] Allocating IMA MOK and blacklist keyrings.
[    2.386466] Key type asymmetric regsstered
[    2.470909] Asymmetric key parser 'x509' registered
[    2.471739] Block layer SCSI generic (bsg) driver version 0.4 loaded (major 249)
[    2.472909] io scheduler noop registered
[    2.473504] io scheduler deadline registered (default)
[    2.474246] io scheduler cfq registered
[    2.474909] pci_hotplug: PCI Hot Plug PCI Core version: 0.5
[    2.475686] pciehp: PCI Express Hot Plug Controller Driver version: 0.4
[    2.476632] ACPI: AC Adapter [AC] (on-line)
[    2.477283] input: Power Button as /devices/LNXSYSTM:00/LNXPWRBN:00/input/input0
[    2.478375] ACPI: Power Button [PWRF]
[    2.479006] input: Sleep Button as /devices/LNXSYSTM:00/LNXSLPBN:00/input/input1
[    2.480188] ACPI: Sleep Button [SLPF]
[    2.480956] GHES: HEST is not enabled!
[    2.481698] Serial: 8250/16550 driver, 32 ports, IRQ sharing enabled
[    2.505744] 00:02: ttyS0 at I/O 0x3f8 (irq = 4, base_baud = 115200) is a 16550A
[    2.512404] Linux agpgart interface v0.103
[    2.514175] loop: module loaded
[    2.515143] scsi host0: ata_piix
[    2.515804] scsi host1: ata_piix
[    2.516353] ata1: PATA max UDMA/33 cmd 0x1f0 ctl 0x3f6 bmdma 0xd000 irq 14
[    2.517215] ata2: PATA max UDMA/33 cmd 0x170 ctl 0x376 bmdma 0xd008 irq 15
[    2.518338] libphy: Fixed MDIO Bus: probed
[    2.518956] tun: Universal TUN/TAP device driver, 1.6
[    2.519733] tun: (C) 1999-2004 Max Krasnyansky <maxk@qualcomm.com>
[    2.520677] PPP generic driver version 2.4.2
[    2.521397] ehci_hcd: USB 2.0 'Enhanced' Host Controller (EHCI) Driver
[    2.524739] ehci-pci: EHCI PCI platform driver
[    2.525395] ehci-platform: EHCI generic platform driver
[    2.526124] ohci_hcd: USB 1.1 'Open' Host Controller (OHCI) Driver
[    2.526944] ohci-pci: OHCI PCI platform driver
[    2.527599] ohci-platform: OHCI generic platform driver
[    2.528317] uhci_hcd: USB Universal Host Controller Interface driver
[    2.529187] i8042: PNP: PS/2 Controller [PNP0303:PS2K,PNP0f03:PS2M] at 0x60,0x64 irq 1,12
[    2.530773] serio: i8042 KBD port at 0x60,0x64 irq 1
[    2.531516] serio: i8042 AUX port at 0x60,0x64 irq 12
[    2.541133] mousedev: PS/2 mouse device common for all mice
[    2.542180] input: AT Translated Set 2 keyboard as /devices/platform/i8042/serio0/input/input2
[    2.543608] rtc_cmos rtc_cmos: rtc core: registered rtc_cmos as rtc0
[    2.544499] rtc_cmos rtc_cmos: alarms up to one day, 114 bytes nvram
[    2.545327] i2c /dev entries driver
[    2.545923] device-mapper: uevent: version 1.0.3
[    2.546630] device-mapper: ioctl: 4.34.0-ioctl (2015-10-28) initialised: dm-devel@redhat.com
[    2.547832] ledtrig-cpu: registered to indicate activity on CPUs
[    2.549100] NET: Registered protocol family 10
[    2.549902] NET: Registered protocol family 17
[    2.550557] Key type dns_resolver registered
[    2.551381] registered taskstats version 1
[    2.551991] Loading compiled-in X.509 certificates
[    2.553143] Loaded X.509 cert 'Build time autogenerated kernel key: d03773f65dd2b75b701d4dd50cb1e8d0c07b3b6e'
[    2.554579] zswap: loaded using pool lzo/zbud
[    2.561912] Key type trusted registered
[    2.564665] Key type encrypted registered
[    2.565270] AppArmor: AppArmor sha1 policy hashing enabled
[    2.566045] ima: No TPM chip found, activating TPM-bypass!
[    2.566782] ima: Allocated hash algorithm: sha1
[    2.567443] evm: HMAC attrs: 0x1
[    2.568181]   Magic number: 7:315:636
[    2.568753] power_supply AC: hash matches
[    2.569398] rtc_cmos rtc_cmos: setting system clock to 2019-10-31 13:38:47 UTC (1572529127)
[    2.579830] BIOS EDD facility v0.16 2004-Jun-25, 0 devices found
[    2.580619] EDD information not available.
[    2.677344] Freeing unused kernel memory: 1484K
[    2.702965] Write protecting the kernel read-only data: 14336k
[    2.705413] Freeing unused kernel memory: 1620K
[    2.707073] Freeing unused kernel memory: 88K
Loading, please wait...
starting version 229
[    2.742015] random: systemd-udevd: uninitialized urandom read (16 bytes read, 3 bits of entropy available)
[    2.742521] random: udevadm: uninitialized urandom read (16 bytes read, 3 bits of entropy available)
[    2.742543] random: udevadm: uninitialized urandom read (16 bytes read, 3 bits of entropy available)
[    2.747097] random: systemd-udevd: uninitialized urandom read (16 bytes read, 3 bits of entropy available)
[    2.748670] random: systemd-udevd: uninitialized urandom read (16 bytes read, 3 bits of entropy available)
[    2.749815] random: udevadm: uninitialized urandom read (16 bytes read, 3 bits of entropy available)
[    2.749851] random: udevadm: uninitialized urandom read (16 bytes read, 3 bits of entropy available)
[    2.749960] random: udevadm: uninitialized urandom read (16 bytes read, 3 bits of entropy available)
[    2.749999] random: udevadm: uninitialized urandom read (16 bytes read, 3 bits of entropy available)
[    2.750036] random: udevadm: uninitialized urandom read (16 bytes read, 3 bits of entropy available)
[    2.785023] e1000: Intel(R) PRO/1000 Network Driver - version 7.3.21-k8-NAPI
[    2.786099] e1000: Copyright (c) 1999-2006 Intel Corporation.
[    2.787010] Fusion MPT base driver 3.04.20
[    2.789391] Copyright (c) 1999-2008 LSI Corporation
[    2.794202] Fusion MPT SPI Host driver 3.04.20
[    2.806637] AVX2 version of gcm_enc/dec engaged.
[    2.807428] AES CTR mode by8 optimization enabled
[    2.995803] input: ImExPS/2 Generic Explorer Mouse as /devices/platform/i8042/serio1/input/input4
[    3.132561] e1000 0000:00:03.0 eth0: (PCI:33MHz:32-bit) 02:30:52:25:60:69
[    3.151352] e1000 0000:00:03.0 eth0: Intel(R) PRO/1000 Network Connection
[    3.190430] tsc: Refined TSC clocksource calibration: 2208.065 MHz
[    3.221306] clocksource: tsc: mask: 0xffffffffffffffff max_cycles: 0x1fd3f5b03ca, max_idle_ns: 440795299608 ns
[    3.860673] e1000 0000:00:08.0 eth1: (PCI:33MHz:32-bit) 08:00:27:82:6e:bf
[    3.911182] e1000 0000:00:08.0 eth1: Intel(R) PRO/1000 Network Connection
[    3.912770] mptbase: ioc0: Initiating bringup
[    3.913891] e1000 0000:00:08.0 enp0s8: renamed from eth1
[    3.923364] e1000 0000:00:03.0 enp0s3: renamed from eth0
[    4.031152] ioc0: LSI53C1030 A0: Capabilities={Initiator}
[    4.234646] scsi host2: ioc0: LSI53C1030 A0, FwRev=00000000h, Ports=1, MaxQ=256, IRQ=20
[    4.352191] scsi 2:0:0:0: Direct-Access     VBOX     HARDDISK         1.0  PQ: 0 ANSI: 5
[    4.375910] scsi target2:0:0: Beginning Domain Validation
[    4.383087] scsi target2:0:0: Domain Validation skipping write tests
[    4.384547] scsi target2:0:0: Ending Domain Validation
[    4.385842] scsi target2:0:0: asynchronous
[    4.387453] scsi 2:0:1:0: Direct-Access     VBOX     HARDDISK         1.0  PQ: 0 ANSI: 5
[    4.389521] scsi target2:0:1: Beginning Domain Validation
[    4.391720] scsi target2:0:1: Domain Validation skipping write tests
[    4.393018] scsi target2:0:1: Ending Domain Validation
[    4.403956] scsi target2:0:1: asynchronous
[    4.409360] sd 2:0:0:0: Attached scsi generic sg0 type 0
[    4.410210] sd 2:0:0:0: [sda] 20971520 512-byte logical blocks: (10.7 GB/10.0 GiB)
[    4.411737] sd 2:0:1:0: [sdb] 20480 512-byte logical blocks: (10.5 MB/10.0 MiB)
[    4.412952] sd 2:0:1:0: Attached scsi generic sg1 type 0
[    4.413755] sd 2:0:0:0: [sda] Write Protect is off
[    4.414457] sd 2:0:1:0: [sdb] Write Protect is off
[    4.415219] sd 2:0:0:0: [sda] Incomplete mode parameter data
[    4.415244] sd 2:0:1:0: [sdb] Incomplete mode parameter data
[    4.415246] sd 2:0:1:0: [sdb] Assuming drive cache: write through
[    4.417577] sd 2:0:0:0: [sda] Assuming drive cache: write through
[    4.420241]  sda: sda1
[    4.421659] sd 2:0:1:0: [sdb] Attached SCSI disk
[    4.422738] sd 2:0:0:0: [sda] Attached SCSI disk
Begin: Loading e[    5.753431] md: linear personality registered for level -1
ssential drivers ... [    5.763503] md: multipath personality registered for level -4
[    5.766996] md: raid0 personality registered for level 0
[    5.772568] md: raid1 personality registered for level 1
[    5.880478] raid6: sse2x1   gen() 12667 MB/s
[    6.030446] raid6: sse2x1   xor()  9008 MB/s
[    6.270451] raid6: sse2x2   gen() 15032 MB/s
[    6.395155] raid6: sse2x2   xor()  9707 MB/s
[    6.470436] raid6: sse2x4   gen() 17829 MB/s
[    6.563566] raid6: sse2x4   xor() 10814 MB/s
[    6.639443] raid6: avx2x1   gen() 20425 MB/s
[    6.710473] raid6: avx2x2   gen() 26999 MB/s
[    6.839127] raid6: avx2x4   gen() 28569 MB/s
[    6.839790] raid6: using algorithm avx2x4 gen() 28569 MB/s
[    6.840522] raid6: using avx2x2 recovery algorithm
[    6.842272] xor: automatically using best checksumming function:
[    6.882802]    avx       : 24901.000 MB/sec
[    6.889498] async_tx: api initialized (async)
[    6.898241] md: raid6 personality registered for level 6
[    6.899105] md: raid5 personality registered for level 5
[    6.899928] md: raid4 personality registered for level 4
[    6.905856] md: raid10 personality registered for level 10
done.
Begin: Running /scripts/init-premount ... done.
Begin: Mounting root file system ... Begin: Running /scripts/local-top ... done.
Begin: Running /scripts/local-premount ... [    6.931131] Btrfs loaded
Scanning for Btrfs filesystems
done.
Warning: fsck not present, so skipping root file system
[    6.971183] EXT4-fs (sda1): mounted filesystem with ordered data mode. Opts: (null)
done.
Begin: Running /scripts/local-bottom ... done.
Begin: Running /scripts/init-bottom ... done.
[    7.111722] systemd[1]: systemd 229 running in system mode. (+PAM +AUDIT +SELINUX +IMA +APPARMOR +SMACK +SYSVINIT +UTMP +LIBCRYPTSETUP +GCRYPT +GNUTLS +ACL +XZ -LZ4 +SECCOMP +BLKID +ELFUTILS +KMOD -IDN)
[    7.117861] systemd[1]: Detected virtualization oracle.
[    7.119551] systemd[1]: Detected architecture x86-64.

Welcome to [1mUbuntu 16.04.6 LTS[0m!

[    7.147683] systemd[1]: Set hostname to <ubuntu>.
[    7.235272] systemd[1]: Initializing machine ID from random generator.
[    7.236314] systemd[1]: Installed transient /etc/machine-id file.
[    7.359356] systemd[1]: Created slice User and Session Slice.
[[0;32m  OK  [0m] Created slice User and Session Slice.
[    7.360950] systemd[1]: Started Trigger resolvconf update for networkd DNS.
[[0;32m  OK  [0m] Started Trigger resolvconf update for networkd DNS.
[    7.362711] systemd[1]: Listening on Journal Socket.
[[0;32m  OK  [0m] Listening on Journal Socket.
[    7.364112] systemd[1]: Listening on Device-mapper event daemon FIFOs.
[[0;32m  OK  [0m] Listening on Device-mapper event daemon FIFOs.
[    7.365964] systemd[1]: Created slice System Slice.
[[0;32m  OK  [0m] Created slice System Slice.
[    7.378994] systemd[1]: Mounting Debug File System...
         Mounting Debug File System...
[    7.391002] systemd[1]: Starting Load Kernel Modules...
[    7.401157] Loading iSCSI transport class v2.0-870.
         Starting Load Kernel Modules...
[    7.402971] systemd[1]: Starting Uncomplicated firewall...
         Starting Uncomplicated firewall...
[    7.412664] systemd[1]: Mounting POSIX Message Queue File System...
         Mounting POSIX Message Queue File System...
[    7.414369] systemd[1]: Reached target Encrypted Volumes.
[    7.415446] iscsi: registered transport (tcp)
[[0;32m  OK  [0m] Reached target Encrypted Volumes.
[    7.437128] iscsi: registered transport (iser)
[    7.450304] systemd[1]: Listening on udev Kernel Socket.
[[0;32m  OK  [0m] Listening on udev Kernel Socket.
[    7.452435] systemd[1]: Reached target Swap.
[[0;32m  OK  [0m] Reached target Swap.
[    7.453742] systemd[1]: Started Forward Password Requests to Wall Directory Watch.
[[0;32m  OK  [0m] Started Forward Password Requests to Wall Directory Watch.
[    7.592289] systemd[1]: Listening on Syslog Socket.
[[0;32m  OK  [0m] Listening on Syslog Socket.
[    7.593609] systemd[1]: Listening on Journal Socket (/dev/log).
[[0;32m  OK  [0m] Listening on Journal Socket (/dev/log).
[    7.607036] systemd[1]: Starting Remount Root and Kernel File Systems...
[    7.610350] EXT4-fs (sda1): re-mounted. Opts: (null)
         Starting Remount Root and Kernel File Systems...
[    7.643896] systemd[1]: Listening on LVM2 metadata daemon socket.
[[0;32m  OK  [0m] Listening on LVM2 metadata daemon socket.
[    7.645491] systemd[1]: Listening on Journal Audit Socket.
[[0;32m  OK  [0m] Listening on Journal Audit Socket.
[    7.647473] systemd[1]: Starting Journal Service...
         Starting Journal Service...
[    7.648868] systemd[1]: Reached target System Time Synchronized.
[[0;32m  OK  [0m] Reached target System Time Synchronized.
[    7.651250] systemd[1]: Starting Set console keymap...
         Starting Set console keymap...
[    7.706966] systemd[1]: Mounting Huge Pages File System...
         Mounting Huge Pages File System...
[    7.708477] systemd[1]: Listening on /dev/initctl Compatibility Named Pipe.
[[0;32m  OK  [0m] Listening on /dev/initctl Compatibility Named Pipe.
[    7.710257] systemd[1]: Listening on LVM2 poll daemon socket.
[[0;32m  OK  [0m] Listening on LVM2 poll daemon socket.
[    7.711953] systemd[1]: Set up automount Arbitrary Executable File Formats File System Automount Point.
[[0;32m  OK  [0m] Set up automount Arbitrary Executab...ats File System Automount Point.
[    7.715468] systemd[1]: Starting Monitoring of LVM2 mirrors, snapshots etc. using dmeventd or progress polling...
         Starting Monitoring of LVM2 mirrors... dmeventd or progress polling...
[    7.726935] systemd[1]: Listening on udev Control Socket.
[[0;32m  OK  [0m] Listening on udev Control Socket.
[    7.734205] systemd[1]: Created slice system-serial\x2dgetty.slice.
[[0;32m  OK  [0m] Created slice system-serial\x2dgetty.slice.
[    7.735841] systemd[1]: Reached target User and Group Name Lookups.
[[0;32m  OK  [0m] Reached target User and Group Name Lookups.
[    7.737577] systemd[1]: Reached target Slices.
[[0;32m  OK  [0m] Reached target Slices.
[    7.750974] systemd[1]: Starting Nameserver information manager...
         Starting Nameserver information manager...
[    7.753150] systemd[1]: Starting Create list of required static device nodes for the current kernel...
         Starting Create list of required st... nodes for the current kernel...
[    7.824886] systemd[1]: Mounted POSIX Message Queue File System.
[[0;32m  OK  [0m] Mounted POSIX Message Queue File System.
[    7.826381] systemd[1]: Mounted Debug File System.
[[0;32m  OK  [0m] Mounted Debug File System.
[    7.827778] systemd[1]: Mounted Huge Pages File System.
[[0;32m  OK  [0m] Mounted Huge Pages File System.
[    7.829322] systemd[1]: Started Journal Service.
[[0;32m  OK  [0m] Started Journal Service.
[[0;32m  OK  [0m] Started Load Kernel Modules.
[[0;32m  OK  [0m] Started Uncomplicated firewall.
[[0;32m  OK  [0m] Started Remount Root and Kernel File Systems.
[[0;32m  OK  [0m] Started Set console keymap.
[[0;32m  OK  [0m] Started Create list of required sta...ce nodes for the current kernel.
[[0;32m  OK  [0m] Started Nameserver information manager.
[[0;32m  OK  [0m] Started LVM2 metadata daemon.
         Starting Create Static Device Nodes in /dev...
         Starting udev Coldplug all Devices...
         Starting Load/Save Random Seed...
         Mounting FUSE Control File System...
         Starting Apply Kernel Variables...
         Starting Flush Journal to Persistent Storage...
[[0;32m  OK  [0m] Mounted FUSE Control File System.
[[0;32m  OK  [0m] Started Create Static Device Nodes in /dev.
[[0;32m  OK  [0m] Started Load/Save Random Seed.
[[0;32m  OK  [0m] Started Apply Kernel Variables.
[[0;32m  OK  [0m] Started udev Coldplug all Devices.
[[0;32m  OK  [0m] Started Flush Journal to Persistent Storage.
         Starting udev Kernel Device Manager...
[[0;32m  OK  [0m] Started udev Kernel Device Manager.
[[0;32m  OK  [0m] Started Dispatch Password Requests to Console Directory Watch.
[[0;32m  OK  [0m] Found device /dev/ttyS0.
[[0;32m  OK  [0m] Started Monitoring of LVM2 mirrors,...ng dmeventd or progress polling.
[[0;32m  OK  [0m] Listening on Load/Save RF Kill Switch Status /dev/rfkill Watch.
[[0;32m  OK  [0m] Reached target Local File Systems (Pre).
[[0;32m  OK  [0m] Reached target Local File Systems.
         Starting Initial cloud-init job (pre-networking)...
         Starting Set console font and keymap...
         Starting Tell Plymouth To Write Out Runtime Data...
         Starting Create Volatile Files and Directories...
         Starting Commit a transient machine-id on disk...
         Starting LSB: AppArmor initialization...
[[0;32m  OK  [0m] Started Tell Plymouth To Write Out Runtime Data.
[[0;32m  OK  [0m] Started Create Volatile Files and Directories.
[[0;32m  OK  [0m] Started Commit a transient machine-id on disk.
         Starting Update UTMP about System Boot/Shutdown...
[[0;32m  OK  [0m] Started Update UTMP about System Boot/Shutdown.
[[0;32m  OK  [0m] Started Set console font and keymap.
[[0;32m  OK  [0m] Created slice system-getty.slice.
[[0;32m  OK  [0m] Started LSB: AppArmor initialization.
[    8.326752] cloud-init[594]: Cloud-init v. 18.5-45-g3554ffe8-0ubuntu1~16.04.1 running 'init-local' at Thu, 31 Oct 2019 13:38:54 +0000. Up 8.05 seconds.
[[0;32m  OK  [0m] Started Initial cloud-init job (pre-networking).
[[0;32m  OK  [0m] Reached target Network (Pre).
         Starting Raise network interfaces...
[[0;32m  OK  [0m] Started Raise network interfaces.
         Starting Initial cloud-init job (metadata service crawler)...
[[0;32m  OK  [0m] Reached target Network.
[    9.338459] cloud-init[950]: Cloud-init v. 18.5-45-g3554ffe8-0ubuntu1~16.04.1 running 'init' at Thu, 31 Oct 2019 13:38:54 +0000. Up 8.81 seconds.
[    9.344260] cloud-init[950]: ci-info: ++++++++++++++++++++++++++++++++++++++Net device info+++++++++++++++++++++++++++++++++++++++
[    9.345478] cloud-init[950]: ci-info: +--------+-------+----------------------------+---------------+--------+-------------------+
[    9.347917] cloud-init[950]: ci-info: | Device |   Up  |          Address           |      Mask     | Scope  |     Hw-Address    |
[    9.349354] cloud-init[950]: ci-info: +--------+-------+----------------------------+---------------+--------+-------------------+
[    9.350757] cloud-init[950]: ci-info: | enp0s3 |  True |         10.0.2.15          | 255.255.255.0 | global | 02:30:52:25:60:69 |
[    9.372665] cloud-init[950]: ci-info: | enp0s3 |  True | fe80::30:52ff:fe25:6069/64 |       .       |  link  | 02:30:52:25:60:69 |
[    9.375418] cloud-init[950]: ci-info: | enp0s8 | False |             .              |       .       |   .    | 08:00:27:82:6e:bf |
[    9.404334] [cloud-init[0;32m  OK  [0m[950]: ] ci-info: |   lo   |  True |         127.0.0.1          |   255.0.0.0   |  host  |         .         |Started Initial cloud-init job (metadata service crawler).

[    9.416177] [cloud-init[0;32m  OK  [0m[950]: ] ci-info: |   lo   |  True |          ::1/128           |       .       |  host  |         .         |Reached target Network is Online.

[    9.442524]          Starting iSCSI initiator daemon (iscsid)...
[[0;32m  OK  [0m] Reached target System Initialization.
cloud-init[950]: ci-info: +--------+-------+----------------------------+---------------+--------+-------------------+
[    9.479630]          Starting LXD - unix socket.
[[0;32m  OK  [0m] Listening on UUID daemon activation socket.
         Starting Socket activation for snappy daemon.
[[0;32m  OK  [0m] Listening on D-Bus System Message Bus Socket.
[[0;32m  OK  [0m] Listening on ACPID Listen Socket.
cloud-init[950]: ci-info: +++++++++++++++++++++++++++Route IPv4 info++++++++++++++++++++++++++++
[    9.487865] [[0;32m  OK  [0m] Started Daily Cleanup of Temporary Directories.
cloud-init[950]: ci-info: +-------+-------------+----------+---------------+-----------+-------+
[    9.498330] [[0;32m  OK  [0m] Started ACPI Events Check.
[[0;32m  OK  [0m] Reached target Paths.
[[0;32m  OK  [0m] Started Daily apt download activities.
[[0;32m  OK  [0m] Started Daily apt upgrade and clean activities.
[[0;32m  OK  [0m] Reached target Timers.
[[0;32m  OK  [0m] Reached target Cloud-config availability.
cloud-init[950]: ci-info: | Route | Destination | Gateway  |    Genmask    | Interface | Flags |
[    9.519747] cloud-init[[0;32m  OK  [0m] Listening on LXD - unix socket.
[[0;32m  OK  [0m] Listening on Socket activation for snappy daemon.
[950]: ci-info: +-------+-------------+----------+---------------+-----------+-------+
[    9.577492] [[0;32m  OK  [0m] Started iSCSI initiator daemon (iscsid).
cloud-init[950]: ci-info: |   0   |   0.0.0.0   | 10.0.2.2 |    0.0.0.0    |   enp0s3  |   UG  |
[    9.582415] cloud-init[950]: ci-info: |   1   |   10.0.2.0  | 0.0.0.0  | 255.255.255.0 |   enp0s3  |   U   |
[    9.586082] cloud-init[950]: ci-info: +-------+-------------+----------+---------------+-----------+-------+
[    9.589666] cloud-init[950]: ci-info: +++++++++++++++++++Route IPv6 info+++++++++++++++++++
[    9.608576]          Starting Login to default iSCSI targets...
[[0;32m  OK  [0m] Reached target Sockets.
cloud-init[950]: ci-info: +-------+-------------+---------+-----------+-------+
[    9.648620] [cloud-init[0;32m  OK  [0m[950]: ] ci-info: | Route | Destination | Gateway | Interface | Flags |Reached target Basic System.

[    9.649684] cloud-init[950]: ci-info: +-------+-------------+---------+-----------+-------+
[    9.656767] cloud-init[950]: ci-info: |   0   |  fe80::/64  |    ::   |   enp0s3  |   U   |
[[0;32m  OK  [0m] Started Deferred execution scheduler.
         [    9.666025] cloud-init[950]: ci-info: |   3   |   ff00::/8  |    ::   |   enp0s3  |   U   |
Starting /etc/rc.local Compatibility...
[    9.688727] cloud-init[950]: ci-info: +-------+-------------+---------+-----------+-------+
[    9.740508] cloud-init[950]: Generating public/private rsa key pair.
[    9.761951] cloud-init[950]: Your identification has been saved in /etc/ssh/ssh_host_rsa_key.
[    9.762461] cloud-init[950]: Your public key has been saved in /etc/ssh/ssh_host_rsa_key.pub.
[    9.762812] cloud-init[950]: The key fingerprint is:
[    9.763184] cloud-init[950]: SHA256:2bepK7uynf2QZm4NT0i9667Hs7KnuqF5rxkS4Hux+kk root@ubuntu-xenial
[    9.763512] cloud-init[950]: The key's randomart image is:
[    9.763846] cloud-init[950]: +---[RSA 2048]----+
         Starting LSB: Record successful boot for GRUB...
[    9.764294] cloud-init[950]: |                 |
[    9.853608] cloud-init[950]: |                 |
[    9.854730] cloud-init[950]: |    .      .     |
[    9.855448] cloud-init[950]: |   . .   o. .    |
[    9.856170] cloud-init[950]: |    . o S.....   |
[    9.859110] cloud-init[950]: |     . +  oooo   |
[    9.859872] cloud-init[950]: |    . E o =*o.   |
[    9.860613] cloud-init[950]: |     +.*oXooO    |
[    9.861309] cloud-init[950]: |    ..*+XXX%=o   |
[    9.862006] cloud-init[950]: +----[SHA256]-----+
         Starting Accounts Service...
[    9.882256] cloud-init[950]: Generating public/private dsa key pair.
[    9.883502] cloud-init[950]: Your identification has been saved in /etc/ssh/ssh_host_dsa_key.
[    9.884743] cloud-init[950]: Your public key has been saved in /etc/ssh/ssh_host_dsa_key.pub.
[    9.886303] cloud-init[950]: The key fingerprint is:
[[    9.887105] cloud-init[950]: SHA256:NaTtJYnCTUGmu2MjtBWYra+2enE0gVXAAY6D9wAzhiY root@ubuntu-xenial
[    9.887171] cloud-init[950]: The key's randomart image is:
[    9.887374] cloud-init[950]: +---[DSA 1024]----+
[    9.887563] cloud-init[950]: |=.  .=+=*..      |
[    9.887769] cloud-init[950]: |E* o.=o= = .     |
[    9.887951] cloud-init[950]: |+ = + *.+ * .    |
[    9.888380] cloud-init[950]: | . + .o+ o +     |
[    9.888552] cloud-init[950]: |    +.o.S .      |
[    9.888737] cloud-init[950]: |   ..+..         |
[    9.888912] cloud-init[950]: |    oo*          |
[    9.889090] cloud-init[950]: |    o+ o         |
[    9.889273] cloud-init[950]: |  .+o.           |
[    9.889450] cloud-init[950]: +----[SHA256]-----+
[    9.889629] cloud-init[950]: Generating public/private ecdsa key pair.
[    9.889812] cloud-init[950]: Your identification has been saved in /etc/ssh/ssh_host_ecdsa_key.
[    9.889990] cloud-init[950]: Your public key has been saved in /etc/ssh/ssh_host_ecdsa_key.pub.
[    9.890173] cloud-init[950]: The key fingerprint is:
[    9.890354] cloud-init[950]: SHA256:CqcskgNHQDwOta762MWXl2U70K/K6sv2g5x1YrIP1Pw root@ubuntu-xenial
[    9.890538] cloud-init[950]: The key's randomart image is:
[    9.890718] cloud-init[950]: +---[ECDSA 256]---+
[    9.890909] cloud-init[950]: |+o.              |
[    9.891094] cloud-init[950]: |.+ .             |
[    9.891274] cloud-init[950]: |o +              |
[0;32m  OK  [0m] Started Regular background program processing daemon.
[    9.891453] cloud-init[950]: | +     o .       |
[    9.931643] cloud-init[950]: |. o . o S +      |
[    9.931843] cloud-init[950]: |.+ o =.o+*.o     |
[    9.931953] cloud-init[950]: |= . =.=BooE .    |
[    9.932299] cloud-init[950]: |.= o o*+.  o     |
[    9.932399] cloud-init[950]: |o.o  o===o.      |
[    9.932507] cloud-init[950]: +----[SHA256]-----+
[    9.932616] cloud-init[950]: Generating public/private ed25519 key pair.
[    9.932726] cloud-init[950]: Your identification has been saved in /etc/ssh/ssh_host_ed25519_key.
[    9.932837] cloud-init[950]: Your public key has been saved in /etc/ssh/ssh_host_ed25519_key.pub.
[    9.932945] cloud-init[950]: The key fingerprint is:
[    9.933055] cloud-init[950]: SHA256:AAObfzJNUqsjB8a9F8xKM7PH4hVIyRfQbMq3WyKcQV4 root@ubuntu-xenial
[    9.933164] cloud-init[950]: The key's randomart image is:
[    9.933273] cloud-init[950]: +--[ED25519 256]--+
[    9.933382] cloud-init[950]: |  .o==o.         |
         Starting System Logging Service...
[    9.933506] cloud-init[950]: | . =+BE.         |
         Starting Pollinate to seed the pseudo random number generator...
[   10.031080] cloud-init[950]: |  *+O=O          |
[   10.078771] cloud-init[950]: | . +=&.+         |
[   10.079320] cloud-init[950]: |  ..%+B.S        |
[[0;32m  OK  [0m] Started D-Bus System Message Bus.
[   10.079529] cloud-init[950]: |   ++Xo .        |
[   10.085155] cloud-init[950]: |    .. +         |
[   10.086223] cloud-init[950]: |      .          |
[   10.092687] cloud-init[950]: |                 |
[   10.099928] cloud-init[950]: +----[SHA256]-----+
[[0;32m  OK  [0m] Started ACPI event daemon.
         Starting LXD - container startup/shutdown...
         Starting Login Service...
         Starting Virtualbox guest utils...
         Starting LSB: MD monitoring daemon...
[[0;32m  OK  [0m] Started Unattended Upgrades Shutdown.
[[0;32m  OK  [0m] Started FUSE filesystem for LXC.
         Starting Snappy daemon...
[[0;32m  OK  [0m] Started System Logging Service.
[[0;32m  OK  [0m] Started /etc/rc.local Compatibility.
[[0;32m  OK  [0m] Started Login to default iSCSI targets.
[[0;32m  OK  [0m] Started LSB: Record successful boot for GRUB.
[[0;32m  OK  [0m] Started LSB: MD monitoring daemon.
         Starting Authenticate and Authorize Users to Run Privileged Tasks...
[[0;32m  OK  [0m] Reached target Remote File Systems (Pre).
[[0;32m  OK  [0m] Reached target Remote File Systems.
         Starting LSB: Set the CPU Frequency Scaling governor to "ondemand"...
         Starting LSB: automatic crash report generation...
         Starting Permit User Sessions...
         Starting LSB: daemon to balance interrupts for SMP systems...
[[0;32m  OK  [0m] Started LXD - container startup/shutdown.
[[0;32m  OK  [0m] Started Virtualbox guest utils.
[[0;32m  OK  [0m] Started Login Service.
[[0;32m  OK  [0m] Started Permit User Sessions.
[[0;32m  OK  [0m] Started Authenticate and Authorize Users to Run Privileged Tasks.
[[0;32m  OK  [0m] Started LSB: Set the CPU Frequency Scaling governor to "ondemand".
[[0;32m  OK  [0m] Started LSB: automatic crash report generation.
[[0;32m  OK  [0m] Started LSB: daemon to balance interrupts for SMP systems.
[[0;32m  OK  [0m] Started Accounts Service.
         Starting Hold until boot process finishes up...
         Starting Terminate Plymouth Boot Screen...
[[0;32m  OK  [0m] Started Hold until boot process finishes up.
         Starting Set console scheme...
[[0;32m  OK  [0m] Started Serial Getty on ttyS0.
[[0;32m  OK  [0m] Started Getty on tty1.
[[0;32m  OK  [0m] Reached target Login Prompts.
[[0;32m  OK  [0m] Started Set console scheme.
[[0;32m  OK  [0m] Started Terminate Plymouth Boot Screen.
[[0;32m  OK  [0m] Started Snappy daemon.
         Starting Wait until snapd is fully seeded...
[[0;32m  OK  [0m] Started Pollinate to seed the pseudo random number generator.
         Starting OpenBSD Secure Shell server...
[[0;32m  OK  [0m] Started OpenBSD Secure Shell server.
[[0;32m  OK  [0m] Created slice User Slice of vagrant.
         Starting User Manager for UID 1000...
[[0;32m  OK  [0m] Started Session 1 of user vagrant.
[[0;32m  OK  [0m] Started User Manager for UID 1000.

Ubuntu 16.04.6 LTS ubuntu-xenial ttyS0

ubuntu-xenial login: [   18.940295] cloud-init[1568]: Generating locales (this might take a while)...
[   19.518468] cloud-init[1568]:   en_US.UTF-8... done
[   19.519991] cloud-init[1568]: Generation complete.
[   19.777776] cloud-init[1568]: Cloud-init v. 18.5-45-g3554ffe8-0ubuntu1~16.04.1 running 'modules:config' at Thu, 31 Oct 2019 13:39:04 +0000. Up 18.86 seconds.
ci-info: no authorized ssh keys fingerprints found for user ubuntu.
<14>Oct 31 13:39:06 ec2: 
<14>Oct 31 13:39:06 ec2: #############################################################
<14>Oct 31 13:39:06 ec2: -----BEGIN SSH HOST KEY FINGERPRINTS-----
<14>Oct 31 13:39:06 ec2: 1024 SHA256:NaTtJYnCTUGmu2MjtBWYra+2enE0gVXAAY6D9wAzhiY root@ubuntu-xenial (DSA)
<14>Oct 31 13:39:06 ec2: 256 SHA256:CqcskgNHQDwOta762MWXl2U70K/K6sv2g5x1YrIP1Pw root@ubuntu-xenial (ECDSA)
<14>Oct 31 13:39:06 ec2: 256 SHA256:AAObfzJNUqsjB8a9F8xKM7PH4hVIyRfQbMq3WyKcQV4 root@ubuntu-xenial (ED25519)
<14>Oct 31 13:39:06 ec2: 2048 SHA256:2bepK7uynf2QZm4NT0i9667Hs7KnuqF5rxkS4Hux+kk root@ubuntu-xenial (RSA)
<14>Oct 31 13:39:06 ec2: -----END SSH HOST KEY FINGERPRINTS-----
<14>Oct 31 13:39:06 ec2: #############################################################
-----BEGIN SSH HOST KEY KEYS-----
ecdsa-sha2-nistp256 AAAAE2VjZHNhLXNoYTItbmlzdHAyNTYAAAAIbmlzdHAyNTYAAABBBG7urt0unURayjqe6Awc/2ZA0KR/oAThEU8xCplBKWhjrKFWrT5YcMNrG++MJlTGI7PjBsjJrd3zopJgoC3GPx4= root@ubuntu-xenial
ssh-ed25519 AAAAC3NzaC1lZDI1NTE5AAAAIOgwaJbMjkKQ/gXIiz7I0mZ/hPJzaZF0ZeYLQcvlpS9h root@ubuntu-xenial
ssh-rsa AAAAB3NzaC1yc2EAAAADAQABAAABAQDCGlMhIzt6ezbTcIl7lC6JS1ItK6tMlGKPNw7kNxkdHuSTUdP407IWEXx2v+Lt6D/5C7vu6qneNUlrAeGLb1hvBBB/WnR3bDmprUimzYHLQq6mX51J9Bvi9rMqtWHVV2+zdlmfQiCfjuOkfW3IrBKVRbawI2zRfNcQIs5PUeI9xCjor9GJKJkNr6OBKyB2YmbW78JjaLWzqjiuWcvL5L39V1POoxjndyM2bH8lDgQL03iXUfG4EafrQLN6g7hk8Ms2h+ZOZ6wX3b0btI3li2IzV93RE7ydv8839YvsHncTFAlbY4j+TGQCHS6GsqyPZX40FMBs/KeS9x7Al8R16O5b root@ubuntu-xenial
-----END SSH HOST KEY KEYS-----
[   20.131142] cloud-init[1712]: Cloud-init v. 18.5-45-g3554ffe8-0ubuntu1~16.04.1 running 'modules:final' at Thu, 31 Oct 2019 13:39:06 +0000. Up 20.03 seconds.
[   20.131305] cloud-init[1712]: ci-info: no authorized ssh keys fingerprints found for user ubuntu.
[   20.131620] cloud-init[1712]: Cloud-init v. 18.5-45-g3554ffe8-0ubuntu1~16.04.1 finished at Thu, 31 Oct 2019 13:39:06 +0000. Datasource DataSourceNoCloud [seed=/dev/sdb][dsmode=net].  Up 20.12 seconds
         Stopping Session 12 of user vagrant.
         Stopping ACPI event daemon...
[[0;32m  OK  [0m] Stopped target Timers.
[[0;32m  OK  [0m] Stopped Daily Cleanup of Temporary Directories.
         Stopping User Manager for UID 1000...
[[0;32m  OK  [0m] Stopped target Graphical Interface.
         Stopping Accounts Service...
[[0;32m  OK  [0m] Stopped Clean PHP session files every 30 mins.
[[0;32m  OK  [0m] Stopped Daily apt upgrade and clean activities.
[[0;32m  OK  [0m] Stopped Daily apt download activities.
[[0;32m  OK  [0m] Stopped target System Time Synchronized.
[[0;32m  OK  [0m] Stopped target Cloud-init target.
[[0;32m  OK  [0m] Stopped Execute cloud user/final scripts.
[[0;32m  OK  [0m] Stopped target Multi-User System.
         Stopping LSB: Apache2 web server...
         Stopping D-Bus System Message Bus...
         Stopping LSB: Set the CPU Frequency Scaling governor to "ondemand"...
         Stopping LSB: automatic crash report generation...
         Stopping System Logging Service...
         Stopping LSB: Record successful boot for GRUB..
[[0;32m  OK  [0m] Stopped Apply the settings specified in cloud-config.
[[0;32m  OK  [0m] Stopped target Cloud-config availability.
         Stopping Unattended Upgrades Shutdown...
         Stopping Virtualbox guest utils...
         Stopping Authenticate and Authorize Users to Run Privileged Tasks...
[[0;32m  OK  [0m] Closed Load/Save RF Kill Switch Status /dev/rfkill Watch.
         Stopping OpenBSD Secure Shell server...
         Stopping Deferred execution scheduler...
         Stopping FUSE filesystem for LXC...
[[0;32m  OK  [0m] Stopped Wait until snapd is fully seeded.
[[0;32m  OK  [0m] Unmounted /var/lib/lxcfs.
[[0;32m  OK  [0m] Stopped Deferred execution scheduler.
[[0;32m  OK  [0m] Stopped Accounts Service.
[[0;32m  OK  [0m] Stopped Regular background program processing daemon.
[[0;32m  OK  [0m] Stopped System Logging Service.
[[0;32m  OK  [0m] Stopped ACPI event daemon.
[[0;32m  OK  [0m] Stopped Authenticate and Authorize Users to Run Privileged Tasks.
[[0;32m  OK  [0m] Stopped Serial Getty on ttyS0.
[[0;32m  OK  [0m] Stopped Getty on tty1.
[[0;32m  OK  [0m] Stopped OpenBSD Secure Shell server.
[[0;32m  OK  [0m] Stopped User Manager for UID 1000.
[[0;32m  OK  [0m] Stopped Session 12 of user vagrant.
[[0;32m  OK  [0m] Stopped D-Bus System Message Bus.
[[0;32m  OK  [0m] Stopped Unattended Upgrades Shutdown.
[[0;32m  OK  [0m] Stopped FUSE filesystem for LXC.
[[0;32m  OK  [0m] Stopped LXD - container startup/shutdown.
[[0;32m  OK  [0m] Stopped LSB: MD monitoring daemon.
[[0;32m  OK  [0m] Stopped LSB: daemon to balance interrupts for SMP systems.
[[0;32m  OK  [0m] Stopped LSB: Set the CPU Frequency Scaling governor to "ondemand".
[[0;32m  OK  [0m] Stopped LSB: Record successful boot for GRUB.
[[0;32m  OK  [0m] Stopped LSB: automatic crash report generation.
[[0;32m  OK  [0m] Stopped Virtualbox guest utils.
[[0;32m  OK  [0m] Removed slice User Slice of vagrant.
         Stopping Login Service...
[[0;32m  OK  [0m] Removed slice system-getty.slice.
[[0;32m  OK  [0m] Removed slice system-serial\x2dgetty.slice.
[[0;32m  OK  [0m] Stopped /etc/rc.local Compatibility.
         Stopping Permit User Sessions...
[[0;32m  OK  [0m] Stopped Permit User Sessions.
[[0;32m  OK  [0m] Stopped Login Service.
[[0;32m  OK  [0m] Stopped target User and Group Name Lookups.
[[0;32m  OK  [0m] Stopped LSB: Apache2 web server.
[[0;32m  OK  [0m] Stopped target Remote File Systems.
[[0;32m  OK  [0m] Stopped target Remote File Systems (Pre).
         Stopping Login to default iSCSI targets...
[[0;32m  OK  [0m] Stopped target Basic System.
[[0;32m  OK  [0m] Stopped target Sockets.
[[0;32m  OK  [0m] Closed LXD - unix socket.
[[0;32m  OK  [0m] Closed ACPID Listen Socket.
[[0;32m  OK  [0m] Closed Socket activation for snappy daemon.
[[0;32m  OK  [0m] Closed UUID daemon activation socket.
[[0;32m  OK  [0m] Closed Syslog Socket.
[[0;32m  OK  [0m] Closed D-Bus System Message Bus Socket.
[[0;32m  OK  [0m] Stopped target Paths.
[[0;32m  OK  [0m] Stopped ACPI Events Check.
[[0;32m  OK  [0m] Stopped target System Initialization.
         Stopping Load/Save Random Seed...
[[0;32m  OK  [0m] Stopped Commit a transient machine-id on disk.
[[0;32m  OK  [0m] Stopped Create Volatile Files and Directories.
[[0;32m  OK  [0m] Stopped target Encrypted Volumes.
[[0;32m  OK  [0m] Stopped target Swap.
[[0;32m  OK  [0m] Stopped Forward Password Requests to Wall Directory Watch.
[[0;32m  OK  [0m] Stopped Dispatch Password Requests to Console Directory Watch.
[[0;32m  OK  [0m] Stopped target Slices.
[[0;32m  OK  [0m] Removed slice User and Session Slice.
[[0;32m  OK  [0m] Stopped Load/Save Random Seed.
[[0;32m  OK  [0m] Stopped Login to default iSCSI targets.
         Stopping iSCSI initiator daemon (iscsid)...
[[0;32m  OK  [0m] Stopped iSCSI initiator daemon (iscsid).
[[0;32m  OK  [0m] Stopped target Network is Online.
[[0;32m  OK  [0m] Stopped target Network.
[[0;32m  OK  [0m] Stopped Initial cloud-init job (metadata service crawler).
         Stopping Raise network interfaces...
[[0;32m  OK  [0m] Stopped Raise network interfaces.
[[0;32m  OK  [0m] Stopped target Local File Systems.
         Unmounting /run/user/1000...
         Unmounting /var/www/html...
         Unmounting /vagrant...
[[0;32m  OK  [0m] Stopped target Network (Pre).
[[0;32m  OK  [0m] Stopped Initial cloud-init job (pre-networking).
[[0;32m  OK  [0m] Stopped Apply Kernel Variables.
[[0;32m  OK  [0m] Stopped Load Kernel Modules.
[[0;32m  OK  [0m] Unmounted /run/user/1000.
[[0;32m  OK  [0m] Unmounted /var/www/html.
[[0;32m  OK  [0m] Unmounted /vagrant.
[[0;32m  OK  [0m] Reached target Unmount All Filesystems.
[[0;32m  OK  [0m] Stopped target Local File Systems (Pre).
         Stopping Monitoring of LVM2 mirrors... dmeventd or progress polling...
[[0;32m  OK  [0m] Stopped Remount Root and Kernel File Systems.
[[0;32m  OK  [0m] Stopped Create Static Device Nodes in /dev.
[[0;32m  OK  [0m] Reached target Shutdown.
[10262.950022] reboot: Power down
